<?xml version="1.0" encoding="UTF-8"?>
<testsuite xmlns:xsi="http://www.w3.org/2001/XMLSchema-instance" xsi:noNamespaceSchemaLocation="https://maven.apache.org/surefire/maven-surefire-plugin/xsd/surefire-test-report-3.0.xsd" version="3.0" name="com.microservice_product.MicroserviceProductApplicationTests" time="4.924" tests="1" errors="0" skipped="0" failures="0">
  <properties>
[...]
</properties>
  <testcase name="contextLoads" classname="com.microservice_product.MicroserviceProductApplicationTests" time="0.367">
    <system-out><![CDATA[00:33:23.082 [main] INFO org.springframework.test.context.support.AnnotationConfigContextLoaderUtils -- Could not detect default configuration classes for test class [com.microservice_product.MicroserviceProductApplicationTests]: MicroserviceProductApplicationTests does not declare any static, non-private, non-final, nested classes annotated with @Configuration.
00:33:23.185 [main] INFO org.springframework.boot.test.context.SpringBootTestContextBootstrapper -- Found @SpringBootConfiguration com.microservice_product.MicroserviceProductApplication for test class com.microservice_product.MicroserviceProductApplicationTests
  __  __ _                                    _                ____                _            _   
 |  \/  (_) ___ _ __ ___  ___  ___ _ ____   _(_) ___ ___      |  _ \ _ __ ___   __| |_   _  ___| |_ 
 | |\/| | |/ __| '__/ _ \/ __|/ _ \ '__\ \ / / |/ __/ _ \_____| |_) | '__/ _ \ / _` | | | |/ __| __|
 | |  | | | (__| | | (_) \__ \  __/ |   \ V /| | (_|  __/_____|  __/| | | (_) | (_| | |_| | (__| |_ 
 |_|  |_|_|\___|_|  \___/|___/\___|_|    \_/ |_|\___\___|     |_|   |_|  \___/ \__,_|\__,_|\___|\__|
                                      
2025-06-04T00:33:24.027-04:00  INFO 28736 --- [msvc-product] [           main] c.m.MicroserviceProductApplicationTests  : Starting MicroserviceProductApplicationTests using Java 19.0.2 with PID 28736 (started by Areliz in C:\Workspace\ecomarket\microservice-product)
2025-06-04T00:33:24.029-04:00  INFO 28736 --- [msvc-product] [           main] c.m.MicroserviceProductApplicationTests  : The following 1 profile is active: "test"
2025-06-04T00:33:24.057-04:00  INFO 28736 --- [msvc-product] [           main] o.s.c.c.c.ConfigServerConfigDataLoader   : Fetching config from server at : http://localhost:8888/
2025-06-04T00:33:24.057-04:00  INFO 28736 --- [msvc-product] [           main] o.s.c.c.c.ConfigServerConfigDataLoader   : Located environment: name=msvc-product, profiles=[default], label=null, version=null, state=null
2025-06-04T00:33:24.058-04:00  INFO 28736 --- [msvc-product] [           main] o.s.c.c.c.ConfigServerConfigDataLoader   : Fetching config from server at : http://localhost:8888/
2025-06-04T00:33:24.058-04:00  INFO 28736 --- [msvc-product] [           main] o.s.c.c.c.ConfigServerConfigDataLoader   : Located environment: name=msvc-product, profiles=[test], label=null, version=null, state=null
2025-06-04T00:33:24.533-04:00  INFO 28736 --- [msvc-product] [           main] .s.d.r.c.RepositoryConfigurationDelegate : Bootstrapping Spring Data JPA repositories in DEFAULT mode.
2025-06-04T00:33:24.640-04:00  INFO 28736 --- [msvc-product] [           main] .s.d.r.c.RepositoryConfigurationDelegate : Finished Spring Data repository scanning in 100 ms. Found 1 JPA repository interface.
2025-06-04T00:33:24.774-04:00  INFO 28736 --- [msvc-product] [           main] o.s.cloud.context.scope.GenericScope     : BeanFactory id=717cefd1-94a5-37ee-9b04-6f0c31686adc
2025-06-04T00:33:25.011-04:00  INFO 28736 --- [msvc-product] [           main] o.hibernate.jpa.internal.util.LogHelper  : HHH000204: Processing PersistenceUnitInfo [name: default]
2025-06-04T00:33:25.062-04:00  INFO 28736 --- [msvc-product] [           main] org.hibernate.Version                    : HHH000412: Hibernate ORM core version 6.5.3.Final
2025-06-04T00:33:25.101-04:00  INFO 28736 --- [msvc-product] [           main] o.h.c.internal.RegionFactoryInitiator    : HHH000026: Second-level cache disabled
2025-06-04T00:33:25.406-04:00  INFO 28736 --- [msvc-product] [           main] o.s.o.j.p.SpringPersistenceUnitInfo      : No LoadTimeWeaver setup: ignoring JPA class transformer
2025-06-04T00:33:25.433-04:00  INFO 28736 --- [msvc-product] [           main] com.zaxxer.hikari.HikariDataSource       : HikariPool-1 - Starting...
2025-06-04T00:33:25.669-04:00  INFO 28736 --- [msvc-product] [           main] com.zaxxer.hikari.pool.HikariPool        : HikariPool-1 - Added connection com.mysql.cj.jdbc.ConnectionImpl@54e06788
2025-06-04T00:33:25.670-04:00  INFO 28736 --- [msvc-product] [           main] com.zaxxer.hikari.HikariDataSource       : HikariPool-1 - Start completed.
2025-06-04T00:33:25.717-04:00  WARN 28736 --- [msvc-product] [           main] org.hibernate.orm.deprecation            : HHH90000025: MySQL8Dialect does not need to be specified explicitly using 'hibernate.dialect' (remove the property setting and it will be selected by default)
2025-06-04T00:33:25.717-04:00  WARN 28736 --- [msvc-product] [           main] org.hibernate.orm.deprecation            : HHH90000026: MySQL8Dialect has been deprecated; use org.hibernate.dialect.MySQLDialect instead
2025-06-04T00:33:26.370-04:00  INFO 28736 --- [msvc-product] [           main] o.h.e.t.j.p.i.JtaPlatformInitiator       : HHH000489: No JTA platform available (set 'hibernate.transaction.jta.platform' to enable JTA platform integration)
2025-06-04T00:33:26.406-04:00  INFO 28736 --- [msvc-product] [           main] j.LocalContainerEntityManagerFactoryBean : Initialized JPA EntityManagerFactory for persistence unit 'default'
2025-06-04T00:33:26.739-04:00  WARN 28736 --- [msvc-product] [           main] JpaBaseConfiguration$JpaWebConfiguration : spring.jpa.open-in-view is enabled by default. Therefore, database queries may be performed during view rendering. Explicitly configure spring.jpa.open-in-view to disable this warning
2025-06-04T00:33:27.203-04:00  INFO 28736 --- [msvc-product] [           main] DiscoveryClientOptionalArgsConfiguration : Eureka HTTP Client uses RestTemplate.
2025-06-04T00:33:27.240-04:00  WARN 28736 --- [msvc-product] [           main] iguration$LoadBalancerCaffeineWarnLogger : Spring Cloud LoadBalancer is currently working with the default cache. While this cache implementation is useful for development and tests, it's recommended to use Caffeine cache in production.You can switch to using Caffeine cache, by adding it and org.springframework.cache.caffeine.CaffeineCacheManager to the classpath.
2025-06-04T00:33:27.260-04:00  INFO 28736 --- [msvc-product] [           main] o.s.c.n.eureka.InstanceInfoFactory       : Setting initial instance status as: STARTING
2025-06-04T00:33:27.281-04:00  INFO 28736 --- [msvc-product] [           main] com.netflix.discovery.DiscoveryClient    : Initializing Eureka in region us-east-1
2025-06-04T00:33:27.284-04:00  INFO 28736 --- [msvc-product] [           main] c.n.d.s.r.aws.ConfigClusterResolver      : Resolving eureka endpoints via configuration
2025-06-04T00:33:27.292-04:00  INFO 28736 --- [msvc-product] [           main] com.netflix.discovery.DiscoveryClient    : Disable delta property : false
2025-06-04T00:33:27.292-04:00  INFO 28736 --- [msvc-product] [           main] com.netflix.discovery.DiscoveryClient    : Single vip registry refresh property : null
2025-06-04T00:33:27.292-04:00  INFO 28736 --- [msvc-product] [           main] com.netflix.discovery.DiscoveryClient    : Force full registry fetch : false
2025-06-04T00:33:27.292-04:00  INFO 28736 --- [msvc-product] [           main] com.netflix.discovery.DiscoveryClient    : Application is null : false
2025-06-04T00:33:27.292-04:00  INFO 28736 --- [msvc-product] [           main] com.netflix.discovery.DiscoveryClient    : Registered Applications size is zero : true
2025-06-04T00:33:27.292-04:00  INFO 28736 --- [msvc-product] [           main] com.netflix.discovery.DiscoveryClient    : Application version is -1: true
2025-06-04T00:33:27.293-04:00  INFO 28736 --- [msvc-product] [           main] com.netflix.discovery.DiscoveryClient    : Getting all instance registry info from the eureka server
2025-06-04T00:33:27.492-04:00  INFO 28736 --- [msvc-product] [           main] com.netflix.discovery.DiscoveryClient    : The response status is 200
2025-06-04T00:33:27.495-04:00  INFO 28736 --- [msvc-product] [           main] com.netflix.discovery.DiscoveryClient    : Starting heartbeat executor: renew interval is: 30
2025-06-04T00:33:27.497-04:00  INFO 28736 --- [msvc-product] [           main] c.n.discovery.InstanceInfoReplicator     : InstanceInfoReplicator onDemand update allowed rate per min is 4
2025-06-04T00:33:27.497-04:00  INFO 28736 --- [msvc-product] [           main] com.netflix.discovery.DiscoveryClient    : Discovery Client initialized at timestamp 1749011607497 with initial instances count: 4
2025-06-04T00:33:27.501-04:00  INFO 28736 --- [msvc-product] [           main] o.s.c.n.e.s.EurekaServiceRegistry        : Registering application MSVC-PRODUCT with eureka with status UP
2025-06-04T00:33:27.501-04:00  INFO 28736 --- [msvc-product] [           main] com.netflix.discovery.DiscoveryClient    : Saw local status change event StatusChangeEvent [timestamp=1749011607501, current=UP, previous=STARTING]
2025-06-04T00:33:27.502-04:00  INFO 28736 --- [msvc-product] [foReplicator-%d] com.netflix.discovery.DiscoveryClient    : DiscoveryClient_MSVC-PRODUCT/DESKTOP-4J4Q7OE:msvc-product:8060: registering service...
2025-06-04T00:33:27.509-04:00  INFO 28736 --- [msvc-product] [           main] c.m.MicroserviceProductApplicationTests  : Started MicroserviceProductApplicationTests in 4.193 seconds (process running for 4.968)
2025-06-04T00:33:27.535-04:00  INFO 28736 --- [msvc-product] [foReplicator-%d] com.netflix.discovery.DiscoveryClient    : DiscoveryClient_MSVC-PRODUCT/DESKTOP-4J4Q7OE:msvc-product:8060 - registration status: 204
]]></system-out>
  </testcase>
</testsuite>